<?xml version="1.0" encoding="UTF-8"?>
<testsuite name="ContactsPageTest" tests="1" skipped="0" failures="0" errors="0" timestamp="2024-05-18T10:11:11" hostname="MacBook-Air-Alexandra.local" time="12.441">
  <properties/>
  <testcase name="Проверка добавления контакта" classname="ContactsPageTest" time="12.441"/>
  <system-out><![CDATA[13:11:06.935 [Test worker] INFO core.AppiumServerStarter -- Appium server started
?[35m[Appium]?[39m Welcome to Appium v2.5.4
?[35m[Appium]?[39m Non-default server args:
?[35m[Appium]?[39m { address: ?[32m'127.0.0.1'?[39m }
?[35m[Appium]?[39m The autodetected Appium home path: /Users/alexandra/.appium
?[35m[Appium]?[39m Attempting to load driver uiautomator2...
?[35m[Appium]?[39m Requiring driver at /Users/alexandra/.appium/node_modules/appium-uiautomator2-driver/build/index.js
[Appium] AndroidUiautomator2Driver has been successfully loaded in 0.458s
[Appium] Appium REST http interface listener started on http://127.0.0.1:4723
[Appium] Available drivers:
[Appium]   - uiautomator2@3.5.0 (automationName 'UiAutomator2')
[Appium] No plugins have been installed. Use the "appium plugin" command to install the one(s) you want to use.
13:11:28.991 [Test worker] INFO core.AppiumServerStarter -- Appium server stopped
]]></system-out>
  <system-err><![CDATA[]]></system-err>
</testsuite>
