<?xml version="1.0" encoding="UTF-8"?>
<testsuite name="ClockPageTest" tests="1" skipped="0" failures="0" errors="0" timestamp="2024-05-17T19:53:05" hostname="MacBook-Air-Alexandra.local" time="7.831">
  <properties/>
  <testcase name="Проверка добавления нового города" classname="ClockPageTest" time="7.831"/>
  <system-out><![CDATA[22:53:01.931 [Test worker] INFO core.AppiumServerStarter -- Appium server started
?[35m[Appium]?[39m Welcome to Appium v2.5.4
?[35m[Appium]?[39m Non-default server args:
?[35m[Appium]?[39m { address: ?[32m'127.0.0.1'?[39m }
?[35m[Appium]?[39m The autodetected Appium home path: /Users/alexandra/.appium
?[35m[Appium]?[39m Attempting to load driver uiautomator2...
?[35m[Appium]?[39m Requiring driver at /Users/alexandra/.appium/node_modules/appium-uiautomator2-driver/build/index.js
[Appium] AndroidUiautomator2Driver has been successfully loaded in 0.425s
[Appium] Appium REST http interface listener started on http://127.0.0.1:4723
[Appium] Available drivers:
[Appium]   - uiautomator2@3.5.0 (automationName 'UiAutomator2')
[Appium] No plugins have been installed. Use the "appium plugin" command to install the one(s) you want to use.
?[38;5;0m[HTTP]?[0m ?[37m-->?[39m ?[37mGET?[39m ?[37m/session/505d8300-5780-4eeb-bf56-51c8897f8404/timeouts?[39m
?[38;5;0m[HTTP]?[0m {}
?[38;5;16m[AppiumDriver@5f20]?[0m Encountered internal error running command: NoSuchDriverError: A session is either terminated or not started
?[38;5;16m[AppiumDriver@5f20]?[0m     at asyncHandler (/usr/local/lib/node_modules/appium/node_modules/@appium/base-driver/lib/protocol/protocol.js:315:15)
?[38;5;16m[AppiumDriver@5f20]?[0m     at /usr/local/lib/node_modules/appium/node_modules/@appium/base-driver/lib/protocol/protocol.js:518:15
?[38;5;16m[AppiumDriver@5f20]?[0m     at Layer.handle [as handle_request] (/usr/local/lib/node_modules/appium/node_modules/express/lib/router/layer.js:95:5)
?[38;5;16m[AppiumDriver@5f20]?[0m     at next (/usr/local/lib/node_modules/appium/node_modules/express/lib/router/route.js:149:13)
?[38;5;16m[AppiumDriver@5f20]?[0m     at Route.dispatch (/usr/local/lib/node_modules/appium/node_modules/express/lib/router/route.js:119:3)
?[38;5;16m[AppiumDriver@5f20]?[0m     at Layer.handle [as handle_request] (/usr/local/lib/node_modules/appium/node_modules/express/lib/router/layer.js:95:5)
?[38;5;16m[AppiumDriver@5f20]?[0m     at /usr/local/lib/node_modules/appium/node_modules/express/lib/router/index.js:284:15
?[38;5;16m[AppiumDriver@5f20]?[0m     at param (/usr/local/lib/node_modules/appium/node_modules/express/lib/router/index.js:365:14)
?[38;5;16m[AppiumDriver@5f20]?[0m     at param (/usr/local/lib/node_modules/appium/node_modules/express/lib/router/index.js:376:14)
?[38;5;16m[AppiumDriver@5f20]?[0m     at Function.process_params (/usr/local/lib/node_modules/appium/node_modules/express/lib/router/index.js:421:3)
?[38;5;16m[AppiumDriver@5f20]?[0m     at next (/usr/local/lib/node_modules/appium/node_modules/express/lib/router/index.js:280:10)
?[38;5;16m[AppiumDriver@5f20]?[0m     at logger (/usr/local/lib/node_modules/appium/node_modules/morgan/index.js:144:5)
?[38;5;16m[AppiumDriver@5f20]?[0m     at Layer.handle [as handle_request] (/usr/local/lib/node_modules/appium/node_modules/express/lib/router/layer.js:95:5)
?[38;5;16m[AppiumDriver@5f20]?[0m     at trim_prefix (/usr/local/lib/node_modules/appium/node_modules/express/lib/router/index.js:328:13)
?[38;5;16m[AppiumDriver@5f20]?[0m     at /usr/local/lib/node_modules/appium/node_modules/express/lib/router/index.js:286:9
?[38;5;16m[AppiumDriver@5f20]?[0m     at Function.process_params (/usr/local/lib/node_modules/appium/node_modules/express/lib/router/index.js:346:12)
?[38;5;16m[AppiumDriver@5f20]?[0m     at next (/usr/local/lib/node_modules/appium/node_modules/express/lib/router/index.js:280:10)
?[38;5;16m[AppiumDriver@5f20]?[0m     at jsonParser (/usr/local/lib/node_modules/appium/node_modules/body-parser/lib/types/json.js:113:7)
?[38;5;16m[AppiumDriver@5f20]?[0m     at Layer.handle [as handle_request] (/usr/local/lib/node_modules/appium/node_modules/express/lib/router/layer.js:95:5)
?[38;5;16m[AppiumDriver@5f20]?[0m     at trim_prefix (/usr/local/lib/node_modules/appium/node_modules/express/lib/router/index.js:328:13)
?[38;5;16m[AppiumDriver@5f20]?[0m     at /usr/local/lib/node_modules/appium/node_modules/express/lib/router/index.js:286:9
?[38;5;16m[AppiumDriver@5f20]?[0m     at Function.process_params (/usr/local/lib/node_modules/appium/node_modules/express/lib/router/index.js:346:12)
?[38;5;0m[HTTP]?[0m <-- GET /session/505d8300-5780-4eeb-bf56-51c8897f8404/timeouts 404 22 ms - 2527
?[38;5;0m[HTTP]?[0m 
22:53:17.751 [Test worker] INFO core.AppiumServerStarter -- Appium server stopped
]]></system-out>
  <system-err><![CDATA[]]></system-err>
</testsuite>
