<?xml version="1.0" encoding="UTF-8"?>
<testsuite name="com.phonebook.testsRA.LoginTestRa" tests="1" skipped="0" failures="0" errors="0" timestamp="2024-05-13T17:35:36" hostname="MacBook-Air-Alexandra.local" time="1.515">
  <properties/>
  <testcase name="loginSuccessTest" classname="com.phonebook.testsRA.LoginTestRa" time="1.515"/>
  <system-out><![CDATA[AuthResponseDto(token=eyJhbGciOiJIUzI1NiJ9.eyJyb2xlcyI6WyJST0xFX1VTRVIiXSwic3ViIjoic2FzaGFAZ2FtaWwuY29tIiwiaXNzIjoiUmVndWxhaXQiLCJleHAiOjE3MTYyMjE3MzcsImlhdCI6MTcxNTYyMTczN30.LyDt2VIsC4LLTFT0xHIVFyLrYL2m_qq_moku8FDgeko)
]]></system-out>
  <system-err><![CDATA[]]></system-err>
</testsuite>
